........................................................................ [ 33%]
........................................................................ [ 67%]
....................................................................     [100%]
================================ tests coverage ================================
_______________ coverage: platform linux, python 3.12.3-final-0 ________________

Name                           Stmts   Miss  Cover   Missing
------------------------------------------------------------
operational_sync/__init__.py       0      0   100%
operational_sync/models.py        39      0   100%
operational_sync/service.py       37      1    97%   31
operational_sync/store.py         15      0   100%
------------------------------------------------------------
TOTAL                             91      1    99%
212 passed in 5.41s
