........................................................................ [ 27%]
........................................................................ [ 54%]
........................................................................ [ 82%]
...............................................                          [100%]
================================ tests coverage ================================
_______________ coverage: platform linux, python 3.12.3-final-0 ________________

Name                                  Stmts   Miss  Cover   Missing
-------------------------------------------------------------------
middleware/__init__.py                    0      0   100%
middleware/rate_limit_middleware.py      32      2    94%   48-49
middleware/rate_limiter.py               26      0   100%
services/backup_service.py               42      1    98%   100
services/startup_config.py               54      3    94%   25, 31-32
-------------------------------------------------------------------
TOTAL                                   154      6    96%
263 passed in 3.90s
